#
# A fatal error has been detected by the Java Runtime Environment:
#
#  SIGSEGV (0xb) at pc=0x00007fdb409ebf92, pid=13550, tid=140579227641600
#
# JRE version: Java(TM) SE Runtime Environment (8.0_72-b15) (build 1.8.0_72-b15)
# Java VM: Java HotSpot(TM) 64-Bit Server VM (25.72-b15 mixed mode linux-amd64 compressed oops)
# Problematic frame:
# j  com.android.dx.rop.code.LocalItem.hashCode()I+15
#
# Failed to write core dump. Core dumps have been disabled. To enable core dumping, try "ulimit -c unlimited" before starting Java again
#
# If you would like to submit a bug report, please visit:
#   http://bugreport.java.com/bugreport/crash.jsp
#

---------------  T H R E A D  ---------------

Current thread (0x00007fdb50130000):  JavaThread "pool-2-thread-4" [_thread_in_Java, id=13634, stack(0x00007fdb26dd2000,0x00007fdb26ed3000)]

siginfo: si_signo: 11 (SIGSEGV), si_code: 2 (SEGV_ACCERR), si_addr: 0x00000000ea40c558

Registers:
RAX=0x0000000000100000, RBX=0x00007fdb3d9f0cb0, RCX=0x00000000ea40c558, RDX=0x0000000030500001
RSP=0x00007fdb26ed0d38, RBP=0x00007fdb26ed0d88, RSI=0x00000000ec189bb8, RDI=0x00000000ec189bb8
R8 =0x0000000000000002, R9 =0x00000000eb4f19e8, R10=0x00007fdb55e72340, R11=0x00007fdb40b86f00
R12=0x0000000000000000, R13=0x00007fdb3da8a13f, R14=0x00007fdb26ed0d98, R15=0x00007fdb50130000
RIP=0x00007fdb409ebf92, EFLAGS=0x0000000000010206, CSGSFS=0x0000000000000033, ERR=0x0000000000000004
  TRAPNO=0x000000000000000e

Top of Stack: (sp=0x00007fdb26ed0d38)
0x00007fdb26ed0d38:   00007fdb409d4690 00000000ea40c558
0x00007fdb26ed0d48:   00007fdb26ed0d48 00007fdb3da8a13f
0x00007fdb26ed0d58:   00007fdb26ed0d98 00007fdb3da8a510
0x00007fdb26ed0d68:   00007fdb3db19508 00007fdb3da8a170
0x00007fdb26ed0d78:   0000000000000000 00007fdb26ed0da0
0x00007fdb26ed0d88:   00007fdb26ed0f78 00007fdb40b73284
0x00007fdb26ed0d98:   00000000ec189bb8 00000000eaf71df8
0x00007fdb26ed0da8:   0000000000000000 00007fdb26ed0de0
0x00007fdb26ed0db8:   00007fdb26ed0de0 00000000eb40a010
0x00007fdb26ed0dc8:   0000000000000000 00000000ec189bb8
0x00007fdb26ed0dd8:   fffffffff9134002 00007fdb26ed0f78
0x00007fdb26ed0de8:   00007fdb40b74aec 00007fdb26ed0ea0
0x00007fdb26ed0df8:   00000000eaf71df8 00007fdb26ed0e00
0x00007fdb26ed0e08:   00007fdb3da89da9 00007fdb26ed0e60
0x00007fdb26ed0e18:   00007fdb3da8a510 0000000000000000
0x00007fdb26ed0e28:   00007fdb3da89de8 0000000000000000
0x00007fdb26ed0e38:   00007fdb26ed0e50 00007fdb26ed0eb0
0x00007fdb26ed0e48:   00007fdb409d4c4d 0000000000000000
0x00007fdb26ed0e58:   00000000ea40c558 00000000ec189bb8
0x00007fdb26ed0e68:   00000000ec189bb8 00007fdb26ed0e70
0x00007fdb26ed0e78:   00007fdb3da89ce0 00007fdb26ed0ec8
0x00007fdb26ed0e88:   00007fdb3da8a510 0000000000000000
0x00007fdb26ed0e98:   00007fdb3da89d08 0000000000000003
0x00007fdb26ed0ea8:   00000000eaf71df8 00007fdb26ed0f10
0x00007fdb26ed0eb8:   00007fdb409d49d0 00007fdb26ed0f78
0x00007fdb26ed0ec8:   00007fdb40b86f5c 00007fdb26ed0ed0
0x00007fdb26ed0ed8:   00007fdb3da18aa8 00007fdb26ed0f20
0x00007fdb26ed0ee8:   00007fdb3da19068 0000000000000000
0x00007fdb26ed0ef8:   00007fdb3da18ac0 00007fdb26ed0f78
0x00007fdb26ed0f08:   00007fdb409d49d0 00007fdb26ed0f78
0x00007fdb26ed0f18:   00007fdb409d49d0 00000000ec189bb8
0x00007fdb26ed0f28:   00000000eb40a010 0000000000000000 

Instructions: (pc=0x00007fdb409ebf92)
0x00007fdb409ebf72:   e7 55 db 7f 00 00 49 8b 14 d2 52 41 8b d5 4c 8b
0x00007fdb409ebf82:   6d c8 8b c2 81 e0 00 00 10 00 0f 84 6a 01 00 00
0x00007fdb409ebf92:   48 3b 01 48 8b 45 e0 48 85 c0 0f 84 12 00 00 00
0x00007fdb409ebfa2:   48 83 40 08 01 48 83 58 08 00 48 83 c0 30 48 89 

Register to memory mapping:

RAX=0x0000000000100000 is an unknown value
RBX={method} {0x00007fdb3d9f0cb0} 'hashCode' '()I' in 'com/android/dx/rop/cst/CstString'
RCX=0x00000000ea40c558 is an unallocated location in the heap
RDX=0x0000000030500001 is an unknown value
RSP=0x00007fdb26ed0d38 is pointing into the stack for thread: 0x00007fdb50130000
RBP=0x00007fdb26ed0d88 is pointing into the stack for thread: 0x00007fdb50130000
RSI=0x00000000ec189bb8 is an oop
com.android.dx.rop.code.LocalItem 
 - klass: 'com/android/dx/rop/code/LocalItem'
RDI=0x00000000ec189bb8 is an oop
com.android.dx.rop.code.LocalItem 
 - klass: 'com/android/dx/rop/code/LocalItem'
R8 =0x0000000000000002 is an unknown value
R9 =0x00000000eb4f19e8 is an oop
com.android.dx.cf.code.LineNumberList 
 - klass: 'com/android/dx/cf/code/LineNumberList'
R10=0x00007fdb55e72340: <offset 0xfb7340> in /usr/lib/jvm/java-8-oracle/jre/lib/amd64/server/libjvm.so at 0x00007fdb54ebb000
R11=0x00007fdb40b86f00 is at entry_point+0 in (nmethod*)0x00007fdb40b86d90
R12=0x0000000000000000 is an unknown value
R13=0x00007fdb3da8a13f is pointing into metadata
R14=0x00007fdb26ed0d98 is pointing into the stack for thread: 0x00007fdb50130000
R15=0x00007fdb50130000 is a thread


Stack: [0x00007fdb26dd2000,0x00007fdb26ed3000],  sp=0x00007fdb26ed0d38,  free space=1019k
Native frames: (J=compiled Java code, j=interpreted, Vv=VM code, C=native code)
j  com.android.dx.rop.code.LocalItem.hashCode()I+15
J 361 C1 com.android.dx.rop.code.RegisterSpec.hashCodeOf(ILcom/android/dx/rop/type/TypeBearer;Lcom/android/dx/rop/code/LocalItem;)I (30 bytes) @ 0x00007fdb40b73284 [0x00007fdb40b731e0+0xa4]
J 358 C1 com.android.dx.rop.code.RegisterSpec.intern(ILcom/android/dx/rop/type/TypeBearer;Lcom/android/dx/rop/code/LocalItem;)Lcom/android/dx/rop/code/RegisterSpec; (70 bytes) @ 0x00007fdb40b74aec [0x00007fdb40b74780+0x36c]
J 457 C1 com.android.dx.rop.code.RegisterSpec.makeLocalOptional(ILcom/android/dx/rop/type/TypeBearer;Lcom/android/dx/rop/code/LocalItem;)Lcom/android/dx/rop/code/RegisterSpec; (7 bytes) @ 0x00007fdb40b86f5c [0x00007fdb40b86f00+0x5c]
j  com.android.dx.cf.code.Ropper.addSetupBlocks()V+106
j  com.android.dx.cf.code.Ropper.doit()V+14
j  com.android.dx.cf.code.Ropper.convert(Lcom/android/dx/cf/code/ConcreteMethod;Lcom/android/dx/rop/code/TranslationAdvice;Lcom/android/dx/cf/iface/MethodList;)Lcom/android/dx/rop/code/RopMethod;+12
j  com.android.dx.dex.cf.CfTranslator.processMethods(Lcom/android/dx/cf/direct/DirectClassFile;Lcom/android/dx/dex/cf/CfOptions;Lcom/android/dx/dex/DexOptions;Lcom/android/dx/dex/file/ClassDefItem;Lcom/android/dx/dex/file/DexFile;)V+176
j  com.android.dx.dex.cf.CfTranslator.translate0(Lcom/android/dx/cf/direct/DirectClassFile;[BLcom/android/dx/dex/cf/CfOptions;Lcom/android/dx/dex/DexOptions;Lcom/android/dx/dex/file/DexFile;)Lcom/android/dx/dex/file/ClassDefItem;+120
j  com.android.dx.dex.cf.CfTranslator.translate(Lcom/android/dx/cf/direct/DirectClassFile;[BLcom/android/dx/dex/cf/CfOptions;Lcom/android/dx/dex/DexOptions;Lcom/android/dx/dex/file/DexFile;)Lcom/android/dx/dex/file/ClassDefItem;+6
j  com.android.dx.command.dexer.Main.translateClass([BLcom/android/dx/cf/direct/DirectClassFile;)Lcom/android/dx/dex/file/ClassDefItem;+17
j  com.android.dx.command.dexer.Main.access$2700([BLcom/android/dx/cf/direct/DirectClassFile;)Lcom/android/dx/dex/file/ClassDefItem;+2
j  com.android.dx.command.dexer.Main$ClassTranslatorTask.call()Lcom/android/dx/dex/file/ClassDefItem;+8
j  com.android.dx.command.dexer.Main$ClassTranslatorTask.call()Ljava/lang/Object;+1
j  java.util.concurrent.FutureTask.run()V+42
j  java.util.concurrent.ThreadPoolExecutor.runWorker(Ljava/util/concurrent/ThreadPoolExecutor$Worker;)V+95
j  java.util.concurrent.ThreadPoolExecutor$Worker.run()V+5
j  java.lang.Thread.run()V+11
v  ~StubRoutines::call_stub
V  [libjvm.so+0x68c616]  JavaCalls::call_helper(JavaValue*, methodHandle*, JavaCallArguments*, Thread*)+0x1056
V  [libjvm.so+0x68cb21]  JavaCalls::call_virtual(JavaValue*, KlassHandle, Symbol*, Symbol*, JavaCallArguments*, Thread*)+0x321
V  [libjvm.so+0x68cfc7]  JavaCalls::call_virtual(JavaValue*, Handle, KlassHandle, Symbol*, Symbol*, Thread*)+0x47
V  [libjvm.so+0x723d80]  thread_entry(JavaThread*, Thread*)+0xa0
V  [libjvm.so+0xa69dcf]  JavaThread::thread_main_inner()+0xdf
V  [libjvm.so+0xa69efc]  JavaThread::run()+0x11c
V  [libjvm.so+0x91d9d8]  java_start(Thread*)+0x108
C  [libpthread.so.0+0x8182]  start_thread+0xc2


---------------  P R O C E S S  ---------------

Java Threads: ( => current thread )
=>0x00007fdb50130000 JavaThread "pool-2-thread-4" [_thread_in_Java, id=13634, stack(0x00007fdb26dd2000,0x00007fdb26ed3000)]
  0x00007fdb5012e800 JavaThread "pool-2-thread-3" [_thread_blocked, id=13633, stack(0x00007fdb26ed3000,0x00007fdb26fd4000)]
  0x00007fdb5012c800 JavaThread "pool-2-thread-2" [_thread_blocked, id=13632, stack(0x00007fdb26fd4000,0x00007fdb270d5000)]
  0x00007fdb5012c000 JavaThread "pool-3-thread-1" [_thread_blocked, id=13625, stack(0x00007fdb270d5000,0x00007fdb271d6000)]
  0x00007fdb50129800 JavaThread "pool-2-thread-1" [_thread_blocked, id=13620, stack(0x00007fdb271d6000,0x00007fdb272d7000)]
  0x00007fdb500c1000 JavaThread "Service Thread" daemon [_thread_blocked, id=13595, stack(0x00007fdb273d8000,0x00007fdb274d9000)]
  0x00007fdb500be000 JavaThread "C1 CompilerThread2" daemon [_thread_in_native, id=13594, stack(0x00007fdb274d9000,0x00007fdb275da000)]
  0x00007fdb500bc000 JavaThread "C2 CompilerThread1" daemon [_thread_in_native, id=13593, stack(0x00007fdb275da000,0x00007fdb276db000)]
  0x00007fdb500b9800 JavaThread "C2 CompilerThread0" daemon [_thread_in_native, id=13592, stack(0x00007fdb276db000,0x00007fdb277dc000)]
  0x00007fdb500b8000 JavaThread "Signal Dispatcher" daemon [_thread_blocked, id=13591, stack(0x00007fdb277dc000,0x00007fdb278dd000)]
  0x00007fdb50084000 JavaThread "Finalizer" daemon [_thread_blocked, id=13578, stack(0x00007fdb3c0f0000,0x00007fdb3c1f1000)]
  0x00007fdb5007f800 JavaThread "Reference Handler" daemon [_thread_blocked, id=13577, stack(0x00007fdb3c1f1000,0x00007fdb3c2f2000)]
  0x00007fdb5000a000 JavaThread "main" [_thread_blocked, id=13555, stack(0x00007fdb56994000,0x00007fdb56a95000)]

Other Threads:
  0x00007fdb50078000 VMThread [stack: 0x00007fdb3c2f2000,0x00007fdb3c3f3000] [id=13576]
  0x00007fdb500c4000 WatcherThread [stack: 0x00007fdb272d7000,0x00007fdb273d8000] [id=13596]

VM state:not at safepoint (normal execution)

VM Mutex/Monitor currently owned by a thread: None

Heap:
 PSYoungGen      total 36352K, used 25110K [0x00000000eab00000, 0x00000000ed380000, 0x0000000100000000)
  eden space 31232K, 80% used [0x00000000eab00000,0x00000000ec385870,0x00000000ec980000)
  from space 5120K, 0% used [0x00000000ece80000,0x00000000ece80000,0x00000000ed380000)
  to   space 5120K, 0% used [0x00000000ec980000,0x00000000ec980000,0x00000000ece80000)
 ParOldGen       total 83456K, used 0K [0x00000000c0000000, 0x00000000c5180000, 0x00000000eab00000)
  object space 83456K, 0% used [0x00000000c0000000,0x00000000c0000000,0x00000000c5180000)
 Metaspace       used 5487K, capacity 6704K, committed 6784K, reserved 1056768K
  class space    used 573K, capacity 616K, committed 640K, reserved 1048576K

Card table byte_map: [0x00007fdb4040c000,0x00007fdb4060d000] byte_map_base: 0x00007fdb3fe0c000

Marking Bits: (ParMarkBitMap*) 0x00007fdb55e70100
 Begin Bits: [0x00007fdb3dfb3000, 0x00007fdb3efb3000)
 End Bits:   [0x00007fdb3efb3000, 0x00007fdb3ffb3000)

Polling page: 0x00007fdb56ab7000

CodeCache: size=245760Kb used=2270Kb max_used=2270Kb free=243489Kb
 bounds [0x00007fdb409cd000, 0x00007fdb40c3d000, 0x00007fdb4f9cd000]
 total_blobs=825 nmethods=565 adapters=175
 compilation: enabled

Compilation events (10 events):
Event: 3.345 Thread 0x00007fdb500be000 nmethod 739 0x00007fdb40bffb90 code [0x00007fdb40bffd00, 0x00007fdb40bffeb0]
Event: 3.345 Thread 0x00007fdb500be000  745       2       com.android.dx.ssa.SCCP::addBlockToWorklist (47 bytes)
Event: 3.346 Thread 0x00007fdb500be000 nmethod 745 0x00007fdb40bfff90 code [0x00007fdb40c00140, 0x00007fdb40c00598]
Event: 3.346 Thread 0x00007fdb500be000  744       2       java.util.Collections$UnmodifiableCollection::<init> (22 bytes)
Event: 3.367 Thread 0x00007fdb500be000 nmethod 744 0x00007fdb40c00a10 code [0x00007fdb40c00b80, 0x00007fdb40c00d88]
Event: 3.374 Thread 0x00007fdb500be000  772       2       com.android.dx.cf.code.BaseMachine::storeResults (90 bytes)
Event: 3.375 Thread 0x00007fdb500be000 nmethod 772 0x00007fdb40c00e50 code [0x00007fdb40c01020, 0x00007fdb40c014a8]
Event: 3.376 Thread 0x00007fdb500be000  770       2       com.android.dx.cf.code.RopperMachine::getSources (264 bytes)
Event: 3.403 Thread 0x00007fdb500be000 nmethod 770 0x00007fdb40c01910 code [0x00007fdb40c01d20, 0x00007fdb40c03638]
Event: 3.403 Thread 0x00007fdb500be000  769   !   2       com.android.dx.cf.code.RopperMachine::run (1550 bytes)

GC Heap History (0 events):
No events

Deoptimization events (6 events):
Event: 1.389 Thread 0x00007fdb5000a000 Uncommon trap: reason=unstable_if action=reinterpret pc=0x00007fdb40b54bc0 method=java.lang.String.<init>([CII)V @ 18
Event: 1.447 Thread 0x00007fdb5012e800 Uncommon trap: reason=unstable_if action=reinterpret pc=0x00007fdb40b68434 method=java.util.HashMap.getNode(ILjava/lang/Object;)Ljava/util/HashMap$Node; @ 62
Event: 2.075 Thread 0x00007fdb5000a000 Uncommon trap: reason=unstable_if action=reinterpret pc=0x00007fdb40b5f748 method=java.lang.String.<init>([CII)V @ 18
Event: 2.252 Thread 0x00007fdb5012c800 Uncommon trap: reason=unstable_if action=reinterpret pc=0x00007fdb40b9d780 method=com.android.dx.rop.code.RegisterSpec.equals(ILcom/android/dx/rop/type/TypeBearer;Lcom/android/dx/rop/code/LocalItem;)Z @ 24
Event: 2.599 Thread 0x00007fdb5000a000 Uncommon trap: reason=unstable_if action=reinterpret pc=0x00007fdb40b952ec method=java.util.BitSet.nextSetBit(I)I @ 87
Event: 3.465 Thread 0x00007fdb5012c800 Uncommon trap: reason=unstable_if action=reinterpret pc=0x00007fdb40bd1e34 method=com.android.dx.rop.code.RegisterSpec.equals(ILcom/android/dx/rop/type/TypeBearer;Lcom/android/dx/rop/code/LocalItem;)Z @ 16

Internal exceptions (2 events):
Event: 0.104 Thread 0x00007fdb5000a000 Exception <a 'java/lang/NoSuchMethodError': Method sun.misc.Unsafe.defineClass(Ljava/lang/String;[BII)Ljava/lang/Class; name or signature does not match> (0x00000000eab07cc0) thrown at [/HUDSON/workspace/8-2-build-linux-amd64/jdk8u72/5732/hotspot/src/shar
Event: 0.104 Thread 0x00007fdb5000a000 Exception <a 'java/lang/NoSuchMethodError': Method sun.misc.Unsafe.prefetchRead(Ljava/lang/Object;J)V name or signature does not match> (0x00000000eab07fa8) thrown at [/HUDSON/workspace/8-2-build-linux-amd64/jdk8u72/5732/hotspot/src/share/vm/prims/jni.cpp

Events (10 events):
Event: 3.416 Thread 0x00007fdb50129800 DEOPT UNPACKING pc=0x00007fdb40a14233 sp=0x00007fdb272d4d48 mode 0
Event: 3.418 Thread 0x00007fdb50129800 DEOPT PACKING pc=0x00007fdb40bc0802 sp=0x00007fdb272d4fb0
Event: 3.418 Thread 0x00007fdb50129800 DEOPT UNPACKING pc=0x00007fdb40a14233 sp=0x00007fdb272d4d48 mode 0
Event: 3.433 Thread 0x00007fdb50129800 DEOPT PACKING pc=0x00007fdb40bc0802 sp=0x00007fdb272d4fb0
Event: 3.433 Thread 0x00007fdb50129800 DEOPT UNPACKING pc=0x00007fdb40a14233 sp=0x00007fdb272d4d48 mode 0
Event: 3.464 Thread 0x00007fdb5012c800 Uncommon trap: trap_request=0xffffff65 fr.pc=0x00007fdb40bd1e34
Event: 3.465 Thread 0x00007fdb5012c800 DEOPT PACKING pc=0x00007fdb40bd1e34 sp=0x00007fdb270d2d10
Event: 3.465 Thread 0x00007fdb5012c800 DEOPT UNPACKING pc=0x00007fdb409d2229 sp=0x00007fdb270d2b70 mode 2
Event: 3.471 Thread 0x00007fdb50129800 DEOPT PACKING pc=0x00007fdb40bc0802 sp=0x00007fdb272d4fb0
Event: 3.471 Thread 0x00007fdb50129800 DEOPT UNPACKING pc=0x00007fdb40a14233 sp=0x00007fdb272d4d48 mode 0


Dynamic libraries:
00400000-00401000 r-xp 00000000 08:03 2756828                            /usr/lib/jvm/java-8-oracle/bin/java
00600000-00601000 rw-p 00000000 08:03 2756828                            /usr/lib/jvm/java-8-oracle/bin/java
01560000-01581000 rw-p 00000000 00:00 0                                  [heap]
c0000000-c5180000 rw-p 00000000 00:00 0 
c5180000-eab00000 ---p 00000000 00:00 0 
eab00000-ed380000 rw-p 00000000 00:00 0 
ed380000-100000000 ---p 00000000 00:00 0 
100000000-1000a0000 rw-p 00000000 00:00 0 
1000a0000-140000000 ---p 00000000 00:00 0 
7fdaec000000-7fdaec2bc000 rw-p 00000000 00:00 0 
7fdaec2bc000-7fdaf0000000 ---p 00000000 00:00 0 
7fdaf4000000-7fdaf4021000 rw-p 00000000 00:00 0 
7fdaf4021000-7fdaf8000000 ---p 00000000 00:00 0 
7fdaf8000000-7fdaf8021000 rw-p 00000000 00:00 0 
7fdaf8021000-7fdafc000000 ---p 00000000 00:00 0 
7fdafc000000-7fdafc038000 rw-p 00000000 00:00 0 
7fdafc038000-7fdb00000000 ---p 00000000 00:00 0 
7fdb00000000-7fdb00026000 rw-p 00000000 00:00 0 
7fdb00026000-7fdb04000000 ---p 00000000 00:00 0 
7fdb04000000-7fdb04021000 rw-p 00000000 00:00 0 
7fdb04021000-7fdb08000000 ---p 00000000 00:00 0 
7fdb08000000-7fdb08021000 rw-p 00000000 00:00 0 
7fdb08021000-7fdb0c000000 ---p 00000000 00:00 0 
7fdb0c000000-7fdb0c300000 rw-p 00000000 00:00 0 
7fdb0c300000-7fdb10000000 ---p 00000000 00:00 0 
7fdb10000000-7fdb104ed000 rw-p 00000000 00:00 0 
7fdb104ed000-7fdb14000000 ---p 00000000 00:00 0 
7fdb14000000-7fdb14021000 rw-p 00000000 00:00 0 
7fdb14021000-7fdb18000000 ---p 00000000 00:00 0 
7fdb18000000-7fdb184fd000 rw-p 00000000 00:00 0 
7fdb184fd000-7fdb1c000000 ---p 00000000 00:00 0 
7fdb1c000000-7fdb1c021000 rw-p 00000000 00:00 0 
7fdb1c021000-7fdb20000000 ---p 00000000 00:00 0 
7fdb20000000-7fdb20021000 rw-p 00000000 00:00 0 
7fdb20021000-7fdb24000000 ---p 00000000 00:00 0 
7fdb26dd2000-7fdb26dd5000 ---p 00000000 00:00 0 
7fdb26dd5000-7fdb26ed3000 rw-p 00000000 00:00 0                          [stack:13634]
7fdb26ed3000-7fdb26ed6000 ---p 00000000 00:00 0 
7fdb26ed6000-7fdb26fd4000 rw-p 00000000 00:00 0                          [stack:13633]
7fdb26fd4000-7fdb26fd7000 ---p 00000000 00:00 0 
7fdb26fd7000-7fdb270d5000 rw-p 00000000 00:00 0                          [stack:13632]
7fdb270d5000-7fdb270d8000 ---p 00000000 00:00 0 
7fdb270d8000-7fdb271d6000 rw-p 00000000 00:00 0                          [stack:13625]
7fdb271d6000-7fdb271d9000 ---p 00000000 00:00 0 
7fdb271d9000-7fdb272d7000 rw-p 00000000 00:00 0                          [stack:13620]
7fdb272d7000-7fdb272d8000 ---p 00000000 00:00 0 
7fdb272d8000-7fdb273d8000 rw-p 00000000 00:00 0                          [stack:13596]
7fdb273d8000-7fdb273db000 ---p 00000000 00:00 0 
7fdb273db000-7fdb274d9000 rw-p 00000000 00:00 0                          [stack:13595]
7fdb274d9000-7fdb274dc000 ---p 00000000 00:00 0 
7fdb274dc000-7fdb275da000 rw-p 00000000 00:00 0                          [stack:13594]
7fdb275da000-7fdb275dd000 ---p 00000000 00:00 0 
7fdb275dd000-7fdb276db000 rw-p 00000000 00:00 0                          [stack:13593]
7fdb276db000-7fdb276de000 ---p 00000000 00:00 0 
7fdb276de000-7fdb277dc000 rw-p 00000000 00:00 0                          [stack:13592]
7fdb277dc000-7fdb277df000 ---p 00000000 00:00 0 
7fdb277df000-7fdb278dd000 rw-p 00000000 00:00 0                          [stack:13591]
7fdb278dd000-7fdb28000000 r--p 00000000 08:03 1973262                    /usr/lib/locale/locale-archive
7fdb28000000-7fdb28021000 rw-p 00000000 00:00 0 
7fdb28021000-7fdb2c000000 ---p 00000000 00:00 0 
7fdb2c000000-7fdb2c021000 rw-p 00000000 00:00 0 
7fdb2c021000-7fdb30000000 ---p 00000000 00:00 0 
7fdb30000000-7fdb30021000 rw-p 00000000 00:00 0 
7fdb30021000-7fdb34000000 ---p 00000000 00:00 0 
7fdb34000000-7fdb34021000 rw-p 00000000 00:00 0 
7fdb34021000-7fdb38000000 ---p 00000000 00:00 0 
7fdb38000000-7fdb38021000 rw-p 00000000 00:00 0 
7fdb38021000-7fdb3c000000 ---p 00000000 00:00 0 
7fdb3c0e1000-7fdb3c0f0000 r--s 000df000 08:03 4606190                    /home/nazmul/Android/Sdk/build-tools/23.0.3/lib/dx.jar
7fdb3c0f0000-7fdb3c0f3000 ---p 00000000 00:00 0 
7fdb3c0f3000-7fdb3c1f1000 rw-p 00000000 00:00 0                          [stack:13578]
7fdb3c1f1000-7fdb3c1f4000 ---p 00000000 00:00 0 
7fdb3c1f4000-7fdb3c2f2000 rw-p 00000000 00:00 0                          [stack:13577]
7fdb3c2f2000-7fdb3c2f3000 ---p 00000000 00:00 0 
7fdb3c2f3000-7fdb3d365000 rw-p 00000000 00:00 0                          [stack:13576]
7fdb3d365000-7fdb3d53d000 r--s 03d1d000 08:03 2234058                    /usr/lib/jvm/java-8-oracle/jre/lib/rt.jar
7fdb3d53d000-7fdb3dbb3000 rw-p 00000000 00:00 0 
7fdb3dbb3000-7fdb3ddb3000 ---p 00000000 00:00 0 
7fdb3ddb3000-7fdb3ffb3000 rw-p 00000000 00:00 0 
7fdb3ffb3000-7fdb3ffb4000 ---p 00000000 00:00 0 
7fdb3ffb4000-7fdb400b4000 rw-p 00000000 00:00 0                          [stack:13564]
7fdb400b4000-7fdb400b5000 ---p 00000000 00:00 0 
7fdb400b5000-7fdb401b5000 rw-p 00000000 00:00 0                          [stack:13563]
7fdb401b5000-7fdb401b6000 ---p 00000000 00:00 0 
7fdb401b6000-7fdb402df000 rw-p 00000000 00:00 0                          [stack:13562]
7fdb402df000-7fdb4040c000 ---p 00000000 00:00 0 
7fdb4040c000-7fdb40435000 rw-p 00000000 00:00 0 
7fdb40435000-7fdb40561000 ---p 00000000 00:00 0 
7fdb40561000-7fdb40576000 rw-p 00000000 00:00 0 
7fdb40576000-7fdb4060c000 ---p 00000000 00:00 0 
7fdb4060c000-7fdb40617000 rw-p 00000000 00:00 0 
7fdb40617000-7fdb409cd000 ---p 00000000 00:00 0 
7fdb409cd000-7fdb40c3d000 rwxp 00000000 00:00 0 
7fdb40c3d000-7fdb4f9cd000 ---p 00000000 00:00 0 
7fdb4f9cd000-7fdb4f9e7000 r-xp 00000000 08:03 2234034                    /usr/lib/jvm/java-8-oracle/jre/lib/amd64/libzip.so
7fdb4f9e7000-7fdb4fbe7000 ---p 0001a000 08:03 2234034                    /usr/lib/jvm/java-8-oracle/jre/lib/amd64/libzip.so
7fdb4fbe7000-7fdb4fbe8000 rw-p 0001a000 08:03 2234034                    /usr/lib/jvm/java-8-oracle/jre/lib/amd64/libzip.so
7fdb4fbe8000-7fdb4fbf3000 r-xp 00000000 08:03 5790067                    /lib/x86_64-linux-gnu/libnss_files-2.19.so
7fdb4fbf3000-7fdb4fdf2000 ---p 0000b000 08:03 5790067                    /lib/x86_64-linux-gnu/libnss_files-2.19.so
7fdb4fdf2000-7fdb4fdf3000 r--p 0000a000 08:03 5790067                    /lib/x86_64-linux-gnu/libnss_files-2.19.so
7fdb4fdf3000-7fdb4fdf4000 rw-p 0000b000 08:03 5790067                    /lib/x86_64-linux-gnu/libnss_files-2.19.so
7fdb4fdf4000-7fdb4fdff000 r-xp 00000000 08:03 5790059                    /lib/x86_64-linux-gnu/libnss_nis-2.19.so
7fdb4fdff000-7fdb4fffe000 ---p 0000b000 08:03 5790059                    /lib/x86_64-linux-gnu/libnss_nis-2.19.so
7fdb4fffe000-7fdb4ffff000 r--p 0000a000 08:03 5790059                    /lib/x86_64-linux-gnu/libnss_nis-2.19.so
7fdb4ffff000-7fdb50000000 rw-p 0000b000 08:03 5790059                    /lib/x86_64-linux-gnu/libnss_nis-2.19.so
7fdb50000000-7fdb50398000 rw-p 00000000 00:00 0 
7fdb50398000-7fdb54000000 ---p 00000000 00:00 0 
7fdb5400b000-7fdb5404d000 rw-p 00000000 00:00 0 
7fdb5404d000-7fdb5404e000 ---p 00000000 00:00 0 
7fdb5404e000-7fdb5414e000 rw-p 00000000 00:00 0                          [stack:13561]
7fdb5414e000-7fdb54165000 r-xp 00000000 08:03 5790055                    /lib/x86_64-linux-gnu/libnsl-2.19.so
7fdb54165000-7fdb54364000 ---p 00017000 08:03 5790055                    /lib/x86_64-linux-gnu/libnsl-2.19.so
7fdb54364000-7fdb54365000 r--p 00016000 08:03 5790055                    /lib/x86_64-linux-gnu/libnsl-2.19.so
7fdb54365000-7fdb54366000 rw-p 00017000 08:03 5790055                    /lib/x86_64-linux-gnu/libnsl-2.19.so
7fdb54366000-7fdb54368000 rw-p 00000000 00:00 0 
7fdb54368000-7fdb54371000 r-xp 00000000 08:03 5790054                    /lib/x86_64-linux-gnu/libnss_compat-2.19.so
7fdb54371000-7fdb54570000 ---p 00009000 08:03 5790054                    /lib/x86_64-linux-gnu/libnss_compat-2.19.so
7fdb54570000-7fdb54571000 r--p 00008000 08:03 5790054                    /lib/x86_64-linux-gnu/libnss_compat-2.19.so
7fdb54571000-7fdb54572000 rw-p 00009000 08:03 5790054                    /lib/x86_64-linux-gnu/libnss_compat-2.19.so
7fdb54572000-7fdb5459c000 r-xp 00000000 08:03 2233968                    /usr/lib/jvm/java-8-oracle/jre/lib/amd64/libjava.so
7fdb5459c000-7fdb5479c000 ---p 0002a000 08:03 2233968                    /usr/lib/jvm/java-8-oracle/jre/lib/amd64/libjava.so
7fdb5479c000-7fdb5479e000 rw-p 0002a000 08:03 2233968                    /usr/lib/jvm/java-8-oracle/jre/lib/amd64/libjava.so
7fdb5479e000-7fdb547ab000 r-xp 00000000 08:03 2234025                    /usr/lib/jvm/java-8-oracle/jre/lib/amd64/libverify.so
7fdb547ab000-7fdb549ab000 ---p 0000d000 08:03 2234025                    /usr/lib/jvm/java-8-oracle/jre/lib/amd64/libverify.so
7fdb549ab000-7fdb549ad000 rw-p 0000d000 08:03 2234025                    /usr/lib/jvm/java-8-oracle/jre/lib/amd64/libverify.so
7fdb549ad000-7fdb549b4000 r-xp 00000000 08:03 5790063                    /lib/x86_64-linux-gnu/librt-2.19.so
7fdb549b4000-7fdb54bb3000 ---p 00007000 08:03 5790063                    /lib/x86_64-linux-gnu/librt-2.19.so
7fdb54bb3000-7fdb54bb4000 r--p 00006000 08:03 5790063                    /lib/x86_64-linux-gnu/librt-2.19.so
7fdb54bb4000-7fdb54bb5000 rw-p 00007000 08:03 5790063                    /lib/x86_64-linux-gnu/librt-2.19.so
7fdb54bb5000-7fdb54cba000 r-xp 00000000 08:03 5790049                    /lib/x86_64-linux-gnu/libm-2.19.so
7fdb54cba000-7fdb54eb9000 ---p 00105000 08:03 5790049                    /lib/x86_64-linux-gnu/libm-2.19.so
7fdb54eb9000-7fdb54eba000 r--p 00104000 08:03 5790049                    /lib/x86_64-linux-gnu/libm-2.19.so
7fdb54eba000-7fdb54ebb000 rw-p 00105000 08:03 5790049                    /lib/x86_64-linux-gnu/libm-2.19.so
7fdb54ebb000-7fdb55b7a000 r-xp 00000000 08:03 2233998                    /usr/lib/jvm/java-8-oracle/jre/lib/amd64/server/libjvm.so
7fdb55b7a000-7fdb55d79000 ---p 00cbf000 08:03 2233998                    /usr/lib/jvm/java-8-oracle/jre/lib/amd64/server/libjvm.so
7fdb55d79000-7fdb55e52000 rw-p 00cbe000 08:03 2233998                    /usr/lib/jvm/java-8-oracle/jre/lib/amd64/server/libjvm.so
7fdb55e52000-7fdb55e9b000 rw-p 00000000 00:00 0 
7fdb55e9b000-7fdb56056000 r-xp 00000000 08:03 5790064                    /lib/x86_64-linux-gnu/libc-2.19.so
7fdb56056000-7fdb56255000 ---p 001bb000 08:03 5790064                    /lib/x86_64-linux-gnu/libc-2.19.so
7fdb56255000-7fdb56259000 r--p 001ba000 08:03 5790064                    /lib/x86_64-linux-gnu/libc-2.19.so
7fdb56259000-7fdb5625b000 rw-p 001be000 08:03 5790064                    /lib/x86_64-linux-gnu/libc-2.19.so
7fdb5625b000-7fdb56260000 rw-p 00000000 00:00 0 
7fdb56260000-7fdb56263000 r-xp 00000000 08:03 5790051                    /lib/x86_64-linux-gnu/libdl-2.19.so
7fdb56263000-7fdb56462000 ---p 00003000 08:03 5790051                    /lib/x86_64-linux-gnu/libdl-2.19.so
7fdb56462000-7fdb56463000 r--p 00002000 08:03 5790051                    /lib/x86_64-linux-gnu/libdl-2.19.so
7fdb56463000-7fdb56464000 rw-p 00003000 08:03 5790051                    /lib/x86_64-linux-gnu/libdl-2.19.so
7fdb56464000-7fdb56479000 r-xp 00000000 08:03 2502096                    /usr/lib/jvm/java-8-oracle/lib/amd64/jli/libjli.so
7fdb56479000-7fdb56679000 ---p 00015000 08:03 2502096                    /usr/lib/jvm/java-8-oracle/lib/amd64/jli/libjli.so
7fdb56679000-7fdb5667a000 rw-p 00015000 08:03 2502096                    /usr/lib/jvm/java-8-oracle/lib/amd64/jli/libjli.so
7fdb5667a000-7fdb56693000 r-xp 00000000 08:03 5790056                    /lib/x86_64-linux-gnu/libpthread-2.19.so
7fdb56693000-7fdb56892000 ---p 00019000 08:03 5790056                    /lib/x86_64-linux-gnu/libpthread-2.19.so
7fdb56892000-7fdb56893000 r--p 00018000 08:03 5790056                    /lib/x86_64-linux-gnu/libpthread-2.19.so
7fdb56893000-7fdb56894000 rw-p 00019000 08:03 5790056                    /lib/x86_64-linux-gnu/libpthread-2.19.so
7fdb56894000-7fdb56898000 rw-p 00000000 00:00 0 
7fdb56898000-7fdb568bb000 r-xp 00000000 08:03 5790057                    /lib/x86_64-linux-gnu/ld-2.19.so
7fdb568c1000-7fdb56994000 rw-p 00000000 00:00 0 
7fdb56994000-7fdb56997000 ---p 00000000 00:00 0 
7fdb56997000-7fdb56aae000 rw-p 00000000 00:00 0                          [stack:13555]
7fdb56aae000-7fdb56ab6000 rw-s 00000000 08:03 4590050                    /tmp/hsperfdata_nazmul/13550
7fdb56ab6000-7fdb56ab7000 rw-p 00000000 00:00 0 
7fdb56ab7000-7fdb56ab8000 r--p 00000000 00:00 0 
7fdb56ab8000-7fdb56aba000 rw-p 00000000 00:00 0 
7fdb56aba000-7fdb56abb000 r--p 00022000 08:03 5790057                    /lib/x86_64-linux-gnu/ld-2.19.so
7fdb56abb000-7fdb56abc000 rw-p 00023000 08:03 5790057                    /lib/x86_64-linux-gnu/ld-2.19.so
7fdb56abc000-7fdb56abd000 rw-p 00000000 00:00 0 
7fff8a605000-7fff8a626000 rw-p 00000000 00:00 0                          [stack]
7fff8a791000-7fff8a793000 r-xp 00000000 00:00 0                          [vdso]
ffffffffff600000-ffffffffff601000 r-xp 00000000 00:00 0                  [vsyscall]

VM Arguments:
jvm_args: -Djava.awt.headless=true -Xmx1024M -Dfile.encoding=UTF-8 -Duser.country=US -Duser.language=en -Duser.variant 
java_command: com.android.dx.command.Main --dex --verbose --force-jumbo --num-threads=4 --multi-dex --output /home/nazmul/Desktop/My Project/Diabetes/Playstore Version 2.0/Diabetes_Care/app/build/intermediates/transforms/dex/debug/folders/1000/5/slice_8 /home/nazmul/Desktop/My Project/Diabetes/Playstore Version 2.0/Diabetes_Care/app/build/intermediates/transforms/instantRunSlicer/debug/folders/1/5/slice_8
java_class_path (initial): /home/nazmul/Android/Sdk/build-tools/23.0.3/lib/dx.jar
Launcher Type: SUN_STANDARD

Environment Variables:
PATH=/usr/local/sbin:/usr/local/bin:/usr/sbin:/usr/bin:/sbin:/bin:/usr/games:/usr/local/games
LD_LIBRARY_PATH=/home/nazmul/android-studio/bin:
SHELL=/bin/bash
DISPLAY=:0

Signal Handlers:
SIGSEGV: [libjvm.so+0xabb070], sa_mask[0]=11111111011111111101111111111110, sa_flags=SA_RESTART|SA_SIGINFO
SIGBUS: [libjvm.so+0xabb070], sa_mask[0]=11111111011111111101111111111110, sa_flags=SA_RESTART|SA_SIGINFO
SIGFPE: [libjvm.so+0x918480], sa_mask[0]=11111111011111111101111111111110, sa_flags=SA_RESTART|SA_SIGINFO
SIGPIPE: [libjvm.so+0x918480], sa_mask[0]=11111111011111111101111111111110, sa_flags=SA_RESTART|SA_SIGINFO
SIGXFSZ: [libjvm.so+0x918480], sa_mask[0]=11111111011111111101111111111110, sa_flags=SA_RESTART|SA_SIGINFO
SIGILL: [libjvm.so+0x918480], sa_mask[0]=11111111011111111101111111111110, sa_flags=SA_RESTART|SA_SIGINFO
SIGUSR1: SIG_DFL, sa_mask[0]=00000000000000000000000000000000, sa_flags=none
SIGUSR2: [libjvm.so+0x919ab0], sa_mask[0]=00100000000000000000000000000000, sa_flags=SA_RESTART|SA_SIGINFO
SIGHUP: [libjvm.so+0x91aeb0], sa_mask[0]=11111111011111111101111111111110, sa_flags=SA_RESTART|SA_SIGINFO
SIGINT: [libjvm.so+0x91aeb0], sa_mask[0]=11111111011111111101111111111110, sa_flags=SA_RESTART|SA_SIGINFO
SIGTERM: [libjvm.so+0x91aeb0], sa_mask[0]=11111111011111111101111111111110, sa_flags=SA_RESTART|SA_SIGINFO
SIGQUIT: [libjvm.so+0x91aeb0], sa_mask[0]=11111111011111111101111111111110, sa_flags=SA_RESTART|SA_SIGINFO


---------------  S Y S T E M  ---------------

OS:DISTRIB_ID=Ubuntu
DISTRIB_RELEASE=14.04
DISTRIB_CODENAME=trusty
DISTRIB_DESCRIPTION="Ubuntu 14.04 LTS"

uname:Linux 3.13.0-24-generic #46-Ubuntu SMP Thu Apr 10 19:11:08 UTC 2014 x86_64
libc:glibc 2.19 NPTL 2.19 
rlimit: STACK 8192k, CORE 0k, NPROC 62095, NOFILE 4096, AS infinity
load average:2.22 1.35 1.13

/proc/meminfo:
MemTotal:        7969832 kB
MemFree:          177416 kB
Buffers:          151372 kB
Cached:          2173332 kB
SwapCached:           32 kB
Active:          4484444 kB
Inactive:        1774740 kB
Active(anon):    3782528 kB
Inactive(anon):  1071092 kB
Active(file):     701916 kB
Inactive(file):   703648 kB
Unevictable:         128 kB
Mlocked:             128 kB
SwapTotal:       6791164 kB
SwapFree:        6774592 kB
Dirty:             18824 kB
Writeback:             0 kB
AnonPages:       3935112 kB
Mapped:          1264568 kB
Shmem:            918856 kB
Slab:             511760 kB
SReclaimable:     458016 kB
SUnreclaim:        53744 kB
KernelStack:        6712 kB
PageTables:        58764 kB
NFS_Unstable:          0 kB
Bounce:                0 kB
WritebackTmp:          0 kB
CommitLimit:    10776080 kB
Committed_AS:   10945980 kB
VmallocTotal:   34359738367 kB
VmallocUsed:      555296 kB
VmallocChunk:   34359176176 kB
HardwareCorrupted:     0 kB
AnonHugePages:   1402880 kB
HugePages_Total:       0
HugePages_Free:        0
HugePages_Rsvd:        0
HugePages_Surp:        0
Hugepagesize:       2048 kB
DirectMap4k:       86272 kB
DirectMap2M:     8095744 kB


CPU:total 4 (2 cores per cpu, 2 threads per core) family 6 model 37 stepping 5, cmov, cx8, fxsr, mmx, sse, sse2, sse3, ssse3, sse4.1, sse4.2, popcnt, ht, tsc, tscinvbit

/proc/cpuinfo:
processor	: 0
vendor_id	: GenuineIntel
cpu family	: 6
model		: 37
model name	: Intel(R) Core(TM) i3 CPU       M 370  @ 2.40GHz
stepping	: 5
microcode	: 0x2
cpu MHz		: 2399.000
cache size	: 3072 KB
physical id	: 0
siblings	: 4
core id		: 0
cpu cores	: 2
apicid		: 0
initial apicid	: 0
fpu		: yes
fpu_exception	: yes
cpuid level	: 11
wp		: yes
flags		: fpu vme de pse tsc msr pae mce cx8 apic sep mtrr pge mca cmov pat pse36 clflush dts acpi mmx fxsr sse sse2 ss ht tm pbe syscall nx rdtscp lm constant_tsc arch_perfmon pebs bts rep_good nopl xtopology nonstop_tsc aperfmperf pni dtes64 monitor ds_cpl vmx est tm2 ssse3 cx16 xtpr pdcm pcid sse4_1 sse4_2 popcnt lahf_lm arat dtherm tpr_shadow vnmi flexpriority ept vpid
bogomips	: 4787.75
clflush size	: 64
cache_alignment	: 64
address sizes	: 36 bits physical, 48 bits virtual
power management:

processor	: 1
vendor_id	: GenuineIntel
cpu family	: 6
model		: 37
model name	: Intel(R) Core(TM) i3 CPU       M 370  @ 2.40GHz
stepping	: 5
microcode	: 0x2
cpu MHz		: 2399.000
cache size	: 3072 KB
physical id	: 0
siblings	: 4
core id		: 0
cpu cores	: 2
apicid		: 1
initial apicid	: 1
fpu		: yes
fpu_exception	: yes
cpuid level	: 11
wp		: yes
flags		: fpu vme de pse tsc msr pae mce cx8 apic sep mtrr pge mca cmov pat pse36 clflush dts acpi mmx fxsr sse sse2 ss ht tm pbe syscall nx rdtscp lm constant_tsc arch_perfmon pebs bts rep_good nopl xtopology nonstop_tsc aperfmperf pni dtes64 monitor ds_cpl vmx est tm2 ssse3 cx16 xtpr pdcm pcid sse4_1 sse4_2 popcnt lahf_lm arat dtherm tpr_shadow vnmi flexpriority ept vpid
bogomips	: 4787.75
clflush size	: 64
cache_alignment	: 64
address sizes	: 36 bits physical, 48 bits virtual
power management:

processor	: 2
vendor_id	: GenuineIntel
cpu family	: 6
model		: 37
model name	: Intel(R) Core(TM) i3 CPU       M 370  @ 2.40GHz
stepping	: 5
microcode	: 0x2
cpu MHz		: 2399.000
cache size	: 3072 KB
physical id	: 0
siblings	: 4
core id		: 2
cpu cores	: 2
apicid		: 4
initial apicid	: 4
fpu		: yes
fpu_exception	: yes
cpuid level	: 11
wp		: yes
flags		: fpu vme de pse tsc msr pae mce cx8 apic sep mtrr pge mca cmov pat pse36 clflush dts acpi mmx fxsr sse sse2 ss ht tm pbe syscall nx rdtscp lm constant_tsc arch_perfmon pebs bts rep_good nopl xtopology nonstop_tsc aperfmperf pni dtes64 monitor ds_cpl vmx est tm2 ssse3 cx16 xtpr pdcm pcid sse4_1 sse4_2 popcnt lahf_lm arat dtherm tpr_shadow vnmi flexpriority ept vpid
bogomips	: 4787.75
clflush size	: 64
cache_alignment	: 64
address sizes	: 36 bits physical, 48 bits virtual
power management:

processor	: 3
vendor_id	: GenuineIntel
cpu family	: 6
model		: 37
model name	: Intel(R) Core(TM) i3 CPU       M 370  @ 2.40GHz
stepping	: 5
microcode	: 0x2
cpu MHz		: 2399.000
cache size	: 3072 KB
physical id	: 0
siblings	: 4
core id		: 2
cpu cores	: 2
apicid		: 5
initial apicid	: 5
fpu		: yes
fpu_exception	: yes
cpuid level	: 11
wp		: yes
flags		: fpu vme de pse tsc msr pae mce cx8 apic sep mtrr pge mca cmov pat pse36 clflush dts acpi mmx fxsr sse sse2 ss ht tm pbe syscall nx rdtscp lm constant_tsc arch_perfmon pebs bts rep_good nopl xtopology nonstop_tsc aperfmperf pni dtes64 monitor ds_cpl vmx est tm2 ssse3 cx16 xtpr pdcm pcid sse4_1 sse4_2 popcnt lahf_lm arat dtherm tpr_shadow vnmi flexpriority ept vpid
bogomips	: 4787.75
clflush size	: 64
cache_alignment	: 64
address sizes	: 36 bits physical, 48 bits virtual
power management:



Memory: 4k page, physical 7969832k(177168k free), swap 6791164k(6774592k free)

vm_info: Java HotSpot(TM) 64-Bit Server VM (25.72-b15) for linux-amd64 JRE (1.8.0_72-b15), built on Dec 22 2015 22:00:07 by "java_re" with gcc 4.3.0 20080428 (Red Hat 4.3.0-8)

time: Sun Dec  4 15:02:17 2016
elapsed time: 3 seconds (0d 0h 0m 3s)

